This is pdfTeX, Version 3.14159265-2.6-1.40.16 (TeX Live 2015) (preloaded format=pdflatex 2015.5.24)  5 OCT 2016 08:48
entering extended mode
 restricted \write18 enabled.
 %&-line parsing enabled.
**Draft_160624.tex
(./Draft_160624.tex
LaTeX2e <2015/01/01>
Babel <3.9l> and hyphenation patterns for 79 languages loaded.
(/usr/local/texlive/2015/texmf-dist/tex/latex/base/article.cls
Document Class: article 2014/09/29 v1.4h Standard LaTeX document class
(/usr/local/texlive/2015/texmf-dist/tex/latex/base/size10.clo
File: size10.clo 2014/09/29 v1.4h Standard LaTeX file (size option)
)
\c@part=\count79
\c@section=\count80
\c@subsection=\count81
\c@subsubsection=\count82
\c@paragraph=\count83
\c@subparagraph=\count84
\c@figure=\count85
\c@table=\count86
\abovecaptionskip=\skip41
\belowcaptionskip=\skip42
\bibindent=\dimen102
)
(/usr/local/texlive/2015/texmf-dist/tex/latex/tools/enumerate.sty
Package: enumerate 2014/10/28 v3.00 enumerate extensions (DPC)
\@enLab=\toks14
)
(/usr/local/texlive/2015/texmf-dist/tex/latex/amsmath/amsmath.sty
Package: amsmath 2013/01/14 v2.14 AMS math features
\@mathmargin=\skip43

For additional information on amsmath, use the `?' option.
(/usr/local/texlive/2015/texmf-dist/tex/latex/amsmath/amstext.sty
Package: amstext 2000/06/29 v2.01

(/usr/local/texlive/2015/texmf-dist/tex/latex/amsmath/amsgen.sty
File: amsgen.sty 1999/11/30 v2.0
\@emptytoks=\toks15
\ex@=\dimen103
))
(/usr/local/texlive/2015/texmf-dist/tex/latex/amsmath/amsbsy.sty
Package: amsbsy 1999/11/29 v1.2d
\pmbraise@=\dimen104
)
(/usr/local/texlive/2015/texmf-dist/tex/latex/amsmath/amsopn.sty
Package: amsopn 1999/12/14 v2.01 operator names
)
\inf@bad=\count87
LaTeX Info: Redefining \frac on input line 210.
\uproot@=\count88
\leftroot@=\count89
LaTeX Info: Redefining \overline on input line 306.
\classnum@=\count90
\DOTSCASE@=\count91
LaTeX Info: Redefining \ldots on input line 378.
LaTeX Info: Redefining \dots on input line 381.
LaTeX Info: Redefining \cdots on input line 466.
\Mathstrutbox@=\box26
\strutbox@=\box27
\big@size=\dimen105
LaTeX Font Info:    Redeclaring font encoding OML on input line 566.
LaTeX Font Info:    Redeclaring font encoding OMS on input line 567.
\macc@depth=\count92
\c@MaxMatrixCols=\count93
\dotsspace@=\muskip10
\c@parentequation=\count94
\dspbrk@lvl=\count95
\tag@help=\toks16
\row@=\count96
\column@=\count97
\maxfields@=\count98
\andhelp@=\toks17
\eqnshift@=\dimen106
\alignsep@=\dimen107
\tagshift@=\dimen108
\tagwidth@=\dimen109
\totwidth@=\dimen110
\lineht@=\dimen111
\@envbody=\toks18
\multlinegap=\skip44
\multlinetaggap=\skip45
\mathdisplay@stack=\toks19
LaTeX Info: Redefining \[ on input line 2665.
LaTeX Info: Redefining \] on input line 2666.
)
(/usr/local/texlive/2015/texmf-dist/tex/latex/amscls/amsthm.sty
Package: amsthm 2015/03/04 v2.20.2
\thm@style=\toks20
\thm@bodyfont=\toks21
\thm@headfont=\toks22
\thm@notefont=\toks23
\thm@headpunct=\toks24
\thm@preskip=\skip46
\thm@postskip=\skip47
\thm@headsep=\skip48
\dth@everypar=\toks25
)
(/usr/local/texlive/2015/texmf-dist/tex/latex/amsfonts/amssymb.sty
Package: amssymb 2013/01/14 v3.01 AMS font symbols

(/usr/local/texlive/2015/texmf-dist/tex/latex/amsfonts/amsfonts.sty
Package: amsfonts 2013/01/14 v3.01 Basic AMSFonts support
\symAMSa=\mathgroup4
\symAMSb=\mathgroup5
LaTeX Font Info:    Overwriting math alphabet `\mathfrak' in version `bold'
(Font)                  U/euf/m/n --> U/euf/b/n on input line 106.
))
(/usr/local/texlive/2015/texmf-dist/tex/latex/bbm-macros/bbm.sty
Package: bbm 1999/03/15 V 1.2 provides fonts for set symbols - TH
LaTeX Font Info:    Overwriting math alphabet `\mathbbm' in version `bold'
(Font)                  U/bbm/m/n --> U/bbm/bx/n on input line 33.
LaTeX Font Info:    Overwriting math alphabet `\mathbbmss' in version `bold'
(Font)                  U/bbmss/m/n --> U/bbmss/bx/n on input line 35.
)
(/usr/local/texlive/2015/texmf-dist/tex/latex/graphics/graphicx.sty
Package: graphicx 2014/10/28 v1.0g Enhanced LaTeX Graphics (DPC,SPQR)

(/usr/local/texlive/2015/texmf-dist/tex/latex/graphics/keyval.sty
Package: keyval 2014/10/28 v1.15 key=value parser (DPC)
\KV@toks@=\toks26
)
(/usr/local/texlive/2015/texmf-dist/tex/latex/graphics/graphics.sty
Package: graphics 2014/10/28 v1.0p Standard LaTeX Graphics (DPC,SPQR)

(/usr/local/texlive/2015/texmf-dist/tex/latex/graphics/trig.sty
Package: trig 1999/03/16 v1.09 sin cos tan (DPC)
)
(/usr/local/texlive/2015/texmf-dist/tex/latex/latexconfig/graphics.cfg
File: graphics.cfg 2010/04/23 v1.9 graphics configuration of TeX Live
)
Package graphics Info: Driver file: pdftex.def on input line 94.

(/usr/local/texlive/2015/texmf-dist/tex/latex/pdftex-def/pdftex.def
File: pdftex.def 2011/05/27 v0.06d Graphics/color for pdfTeX

(/usr/local/texlive/2015/texmf-dist/tex/generic/oberdiek/infwarerr.sty
Package: infwarerr 2010/04/08 v1.3 Providing info/warning/error messages (HO)
)
(/usr/local/texlive/2015/texmf-dist/tex/generic/oberdiek/ltxcmds.sty
Package: ltxcmds 2011/11/09 v1.22 LaTeX kernel commands for general use (HO)
)
\Gread@gobject=\count99
))
\Gin@req@height=\dimen112
\Gin@req@width=\dimen113
)
(/usr/local/texlive/2015/texmf-dist/tex/generic/babel/babel.sty
Package: babel 2014/09/25 3.9l The Babel package

(/usr/local/texlive/2015/texmf-dist/tex/generic/babel-english/english.ldf
Language: english 2012/08/20 v3.3p English support from the babel system

(/usr/local/texlive/2015/texmf-dist/tex/generic/babel/babel.def
File: babel.def 2014/09/25 3.9l Babel common definitions
\babel@savecnt=\count100
\U@D=\dimen114
)
\l@canadian = a dialect from \language\l@american 
\l@australian = a dialect from \language\l@british 
\l@newzealand = a dialect from \language\l@british 
))
(/usr/local/texlive/2015/texmf-dist/tex/latex/geometry/geometry.sty
Package: geometry 2010/09/12 v5.6 Page Geometry

(/usr/local/texlive/2015/texmf-dist/tex/generic/oberdiek/ifpdf.sty
Package: ifpdf 2011/01/30 v2.3 Provides the ifpdf switch (HO)
Package ifpdf Info: pdfTeX in PDF mode is detected.
)
(/usr/local/texlive/2015/texmf-dist/tex/generic/oberdiek/ifvtex.sty
Package: ifvtex 2010/03/01 v1.5 Detect VTeX and its facilities (HO)
Package ifvtex Info: VTeX not detected.
)
(/usr/local/texlive/2015/texmf-dist/tex/generic/ifxetex/ifxetex.sty
Package: ifxetex 2010/09/12 v0.6 Provides ifxetex conditional
)
\Gm@cnth=\count101
\Gm@cntv=\count102
\c@Gm@tempcnt=\count103
\Gm@bindingoffset=\dimen115
\Gm@wd@mp=\dimen116
\Gm@odd@mp=\dimen117
\Gm@even@mp=\dimen118
\Gm@layoutwidth=\dimen119
\Gm@layoutheight=\dimen120
\Gm@layouthoffset=\dimen121
\Gm@layoutvoffset=\dimen122
\Gm@dimlist=\toks27
)
(/usr/local/texlive/2015/texmf-dist/tex/latex/jknapltx/mathrsfs.sty
Package: mathrsfs 1996/01/01 Math RSFS package v1.0 (jk)
\symrsfs=\mathgroup6
)
(/usr/local/texlive/2015/texmf-dist/tex/latex/breqn/breqn.sty
(/usr/local/texlive/2015/texmf-dist/tex/latex/l3kernel/expl3.sty
Package: expl3 2015/03/01 v5547 L3 programming layer (loader) 

(/usr/local/texlive/2015/texmf-dist/tex/latex/l3kernel/expl3-code.tex
Package: expl3 2015/03/01 v5547 L3 programming layer (code) 
L3 Module: l3bootstrap 2015/02/28 v5542 L3 Bootstrap code
L3 Module: l3names 2015/02/24 v5535 L3 Namespace for primitives
L3 Module: l3basics 2015/01/27 v5500 L3 Basic definitions
L3 Module: l3expan 2014/11/27 v5472 L3 Argument expansion
L3 Module: l3tl 2015/01/27 v5500 L3 Token lists
L3 Module: l3str 2015/03/01 v5545 L3 Strings
L3 Module: l3seq 2014/08/23 v5354 L3 Sequences and stacks
L3 Module: l3int 2015/02/21 v5529 L3 Integers
\c_max_int=\count104
\l_tmpa_int=\count105
\l_tmpb_int=\count106
\g_tmpa_int=\count107
\g_tmpb_int=\count108
L3 Module: l3quark 2014/08/23 v5354 L3 Quarks
L3 Module: l3prg 2014/08/23 v5354 L3 Control structures
\g__prg_map_int=\count109
L3 Module: l3clist 2014/08/23 v5354 L3 Comma separated lists
L3 Module: l3token 2014/09/15 v5422 L3 Experimental token manipulation
L3 Module: l3prop 2014/08/23 v5354 L3 Property lists
L3 Module: l3msg 2015/02/26 v5537 L3 Messages
L3 Module: l3file 2014/08/24 v5369 L3 File and I/O operations
\l_iow_line_count_int=\count110
\l__iow_target_count_int=\count111
\l__iow_current_line_int=\count112
\l__iow_current_word_int=\count113
\l__iow_current_indentation_int=\count114
L3 Module: l3skip 2014/08/23 v5354 L3 Dimensions and skips
\c_zero_dim=\dimen123
\c_max_dim=\dimen124
\l_tmpa_dim=\dimen125
\l_tmpb_dim=\dimen126
\g_tmpa_dim=\dimen127
\g_tmpb_dim=\dimen128
\c_zero_skip=\skip49
\c_max_skip=\skip50
\l_tmpa_skip=\skip51
\l_tmpb_skip=\skip52
\g_tmpa_skip=\skip53
\g_tmpb_skip=\skip54
\c_zero_muskip=\muskip11
\c_max_muskip=\muskip12
\l_tmpa_muskip=\muskip13
\l_tmpb_muskip=\muskip14
\g_tmpa_muskip=\muskip15
\g_tmpb_muskip=\muskip16
L3 Module: l3keys 2015/01/27 v5500 L3 Key-value interfaces
\g__keyval_level_int=\count115
\l_keys_choice_int=\count116
L3 Module: l3fp 2014/08/22 v5336 L3 Floating points
\c__fp_leading_shift_int=\count117
\c__fp_middle_shift_int=\count118
\c__fp_trailing_shift_int=\count119
\c__fp_big_leading_shift_int=\count120
\c__fp_big_middle_shift_int=\count121
\c__fp_big_trailing_shift_int=\count122
\c__fp_Bigg_leading_shift_int=\count123
\c__fp_Bigg_middle_shift_int=\count124
\c__fp_Bigg_trailing_shift_int=\count125
L3 Module: l3box 2014/08/23 v5354 L3 Experimental boxes
\c_empty_box=\box28
\l_tmpa_box=\box29
\l_tmpb_box=\box30
\g_tmpa_box=\box31
\g_tmpb_box=\box32
L3 Module: l3coffins 2014/08/23 v5354 L3 Coffin code layer
\l__coffin_internal_box=\box33
\l__coffin_internal_dim=\dimen129
\l__coffin_offset_x_dim=\dimen130
\l__coffin_offset_y_dim=\dimen131
\l__coffin_x_dim=\dimen132
\l__coffin_y_dim=\dimen133
\l__coffin_x_prime_dim=\dimen134
\l__coffin_y_prime_dim=\dimen135
\c_empty_coffin=\box34
\l__coffin_aligned_coffin=\box35
\l__coffin_aligned_internal_coffin=\box36
\l_tmpa_coffin=\box37
\l_tmpb_coffin=\box38
\l__coffin_display_coffin=\box39
\l__coffin_display_coord_coffin=\box40
\l__coffin_display_pole_coffin=\box41
\l__coffin_display_offset_dim=\dimen136
\l__coffin_display_x_dim=\dimen137
\l__coffin_display_y_dim=\dimen138
L3 Module: l3color 2014/08/23 v5354 L3 Experimental color support
L3 Module: l3candidates 2015/03/01 v5544 L3 Experimental additions to l3kernel
\l__box_top_dim=\dimen139
\l__box_bottom_dim=\dimen140
\l__box_left_dim=\dimen141
\l__box_right_dim=\dimen142
\l__box_top_new_dim=\dimen143
\l__box_bottom_new_dim=\dimen144
\l__box_left_new_dim=\dimen145
\l__box_right_new_dim=\dimen146
\l__box_internal_box=\box42
\l__coffin_bounding_shift_dim=\dimen147
\l__coffin_left_corner_dim=\dimen148
\l__coffin_right_corner_dim=\dimen149
\l__coffin_bottom_corner_dim=\dimen150
\l__coffin_top_corner_dim=\dimen151
\l__coffin_scaled_total_height_dim=\dimen152
\l__coffin_scaled_width_dim=\dimen153
)
(/usr/local/texlive/2015/texmf-dist/tex/latex/l3kernel/l3unicode-data.def
File: l3unicode-data.def 2015/03/01 v5544 L3 Unicode data
)
(/usr/local/texlive/2015/texmf-dist/tex/latex/l3kernel/l3pdfmode.def
File: l3pdfmode.def 2015/03/01 v5544 L3 Experimental driver: PDF mode
\l__driver_color_stack_int=\count126
))
Package: breqn 2012/05/10 v0.98b Breaking equations

(/usr/local/texlive/2015/texmf-dist/tex/latex/breqn/flexisym.sty
Package: flexisym 2013/03/16 v0.97c Make math characters macros
LaTeX Info: Redefining \textprime on input line 299.
LaTeX Info: Redefining \not on input line 357.

(/usr/local/texlive/2015/texmf-dist/tex/latex/breqn/cmbase.sym
File: cmbase.sym 2007/12/19 v0.92
LaTeX Info: Redefining \hbar on input line 324.
LaTeX Info: Redefining \surd on input line 326.
LaTeX Info: Redefining \angle on input line 334.
LaTeX Info: Redefining \neq on input line 335.
LaTeX Info: Redefining \mapsto on input line 336.
LaTeX Info: Redefining \cong on input line 337.
LaTeX Info: Redefining \notin on input line 340.
LaTeX Info: Redefining \rightleftharpoons on input line 341.
LaTeX Info: Redefining \doteq on input line 342.
LaTeX Info: Redefining \hookrightarrow on input line 343.
LaTeX Info: Redefining \hookleftarrow on input line 344.
LaTeX Info: Redefining \bowtie on input line 345.
LaTeX Info: Redefining \models on input line 346.
LaTeX Info: Redefining \Longrightarrow on input line 347.
LaTeX Info: Redefining \longrightarrow on input line 348.
LaTeX Info: Redefining \Longleftarrow on input line 349.
LaTeX Info: Redefining \longleftarrow on input line 350.
LaTeX Info: Redefining \longmapsto on input line 351.
LaTeX Info: Redefining \longleftrightarrow on input line 352.
LaTeX Info: Redefining \Longleftrightarrow on input line 353.
LaTeX Info: Redefining \cdots on input line 357.
LaTeX Info: Redefining \vdots on input line 360.
LaTeX Info: Redefining \ddots on input line 365.
)
(/usr/local/texlive/2015/texmf-dist/tex/latex/breqn/mathstyle.sty
Package: mathstyle 2014/06/10 v0.90a Tracking mathstyle implicitly
LaTeX Info: Redefining \displaystyle on input line 82.
LaTeX Info: Redefining \textstyle on input line 84.
LaTeX Info: Redefining \scriptstyle on input line 86.
LaTeX Info: Redefining \scriptscriptstyle on input line 88.
LaTeX Info: Redefining \genfrac on input line 122.
))
(/usr/local/texlive/2015/texmf-dist/tex/latex/tools/calc.sty
Package: calc 2014/10/28 v4.3 Infix arithmetic (KKT,FJ)
\calc@Acount=\count127
\calc@Bcount=\count128
\calc@Adimen=\dimen154
\calc@Bdimen=\dimen155
\calc@Askip=\skip55
\calc@Bskip=\skip56
LaTeX Info: Redefining \setlength on input line 80.
LaTeX Info: Redefining \addtolength on input line 81.
\calc@Ccount=\count129
\calc@Cskip=\skip57
)
\inf@bad=\count130
\maxint=\count131
\listwidth=\dimen156
\eqnumsep=\dimen157
\eqmargin=\dimen158
\eqlinespacing=\skip58
\eqlineskip=\skip59
\eqlineskiplimit=\dimen159
\eqbinoffset=\muskip17
\eqdelimoffset=\muskip18
\eqindentstep=\dimen160
\eqstyle=\toks28
\eqbreakdepth=\count132
\eqinterlinepenalty=\count133
\intereqpenalty=\count134
\intereqskip=\skip60
\prerelpenalty=\count135
\prebinoppenalty=\count136
\Dmedmuskip=\muskip19
\Dthickmuskip=\muskip20
\eqleftskip=\skip61
\eqrightskip=\skip62
\eq@vspan=\skip63
\eq@binoffset=\muskip21
\EQ@box=\box43
\EQ@copy=\box44
\EQ@numbox=\box45
\eq@wdNum=\dimen161
\GRP@numbox=\box46
\grp@wdNum=\dimen162
\eq@lines=\count137
\eq@curline=\count138
\eq@badness=\count139
\EQ@vims=\count140
\eq@dp=\dimen163
\eq@wdL=\dimen164
\eq@wdT=\dimen165
\eq@wdMin=\dimen166
\grp@wdL=\dimen167
\grp@wdR=\dimen168
\grp@wdT=\dimen169
\eq@wdRmax=\dimen170
\eq@firstht=\dimen171
\eq@wdCond=\dimen172
\eq@indentstep=\dimen173
\eq@linewidth=\dimen174
\grp@linewidth=\dimen175
\eq@hshift=\dimen176
\eq@given@sidespace=\dimen177
\mathindent=\dimen178
\eq@final@linecount=\count141
\eq@wdR=\dimen179
\EQ@continue=\toks29
\lr@level=\count142
\GRP@queue=\toks30
\GRP@box=\box47
\GRP@wholebox=\box48
\darraycolsep=\skip64
\cur@row=\count143
\cur@col=\count144
\conditionsep=\skip65
)
(/usr/local/texlive/2015/texmf-dist/tex/latex/mathtools/mathtools.sty
Package: mathtools 2015/05/11 v1.16 mathematical typesetting tools

(/usr/local/texlive/2015/texmf-dist/tex/latex/mathtools/mhsetup.sty
Package: mhsetup 2010/01/21 v1.2a programming setup (MH)
)
LaTeX Info: Thecontrolsequence`\('isalreadyrobust on input line 129.
LaTeX Info: Thecontrolsequence`\)'isalreadyrobust on input line 129.
LaTeX Info: Thecontrolsequence`\['isalreadyrobust on input line 129.
LaTeX Info: Thecontrolsequence`\]'isalreadyrobust on input line 129.
\g_MT_multlinerow_int=\count145
\l_MT_multwidth_dim=\dimen180
\origjot=\skip66
\l_MT_shortvdotswithinadjustabove_dim=\dimen181
\l_MT_shortvdotswithinadjustbelow_dim=\dimen182
\l_MT_above_intertext_sep=\dimen183
\l_MT_below_intertext_sep=\dimen184
\l_MT_above_shortintertext_sep=\dimen185
\l_MT_below_shortintertext_sep=\dimen186
)
(/usr/local/texlive/2015/texmf-dist/tex/latex/rotating/rotating.sty
Package: rotating 2009/03/28 v2.16a rotated objects in LaTeX

(/usr/local/texlive/2015/texmf-dist/tex/latex/base/ifthen.sty
Package: ifthen 2014/09/29 v1.1c Standard LaTeX ifthen package (DPC)
)
\c@r@tfl@t=\count146
\rotFPtop=\skip67
\rotFPbot=\skip68
\rot@float@box=\box49
\rot@mess@toks=\toks31
)
(/usr/local/texlive/2015/texmf-dist/tex/latex/tools/bm.sty
Package: bm 2014/10/28 v1.1c Bold Symbol Support (DPC/FMi)
\symboldoperators=\mathgroup7
\symboldletters=\mathgroup8
\symboldsymbols=\mathgroup9
LaTeX Font Info:    Redeclaring math alphabet \mathbf on input line 141.
LaTeX Info: Redefining \bm on input line 207.
)
(/usr/local/texlive/2015/texmf-dist/tex/latex/txfonts/txfonts.sty
Package: txfonts 2008/01/22 v3.2.1
LaTeX Font Info:    Redeclaring symbol font `operators' on input line 21.
LaTeX Font Info:    Overwriting symbol font `operators' in version `normal'
(Font)                  OT1/cmr/m/n --> OT1/txr/m/n on input line 21.
LaTeX Font Info:    Overwriting symbol font `operators' in version `bold'
(Font)                  OT1/cmr/bx/n --> OT1/txr/m/n on input line 21.
LaTeX Font Info:    Overwriting symbol font `operators' in version `bold'
(Font)                  OT1/txr/m/n --> OT1/txr/bx/n on input line 22.
\symitalic=\mathgroup10
LaTeX Font Info:    Overwriting symbol font `italic' in version `bold'
(Font)                  OT1/txr/m/it --> OT1/txr/bx/it on input line 26.
LaTeX Font Info:    Redeclaring math alphabet \mathbf on input line 29.
LaTeX Font Info:    Redeclaring math alphabet \mathit on input line 30.
LaTeX Font Info:    Overwriting math alphabet `\mathit' in version `normal'
(Font)                  OT1/cmr/m/it --> OT1/txr/m/it on input line 30.
LaTeX Font Info:    Overwriting math alphabet `\mathit' in version `bold'
(Font)                  OT1/cmr/bx/it --> OT1/txr/m/it on input line 30.
LaTeX Font Info:    Overwriting math alphabet `\mathit' in version `bold'
(Font)                  OT1/txr/m/it --> OT1/txr/bx/it on input line 31.
LaTeX Font Info:    Redeclaring math alphabet \mathsf on input line 40.
LaTeX Font Info:    Overwriting math alphabet `\mathsf' in version `normal'
(Font)                  OT1/cmss/m/n --> OT1/txss/m/n on input line 40.
LaTeX Font Info:    Overwriting math alphabet `\mathsf' in version `bold'
(Font)                  OT1/cmss/bx/n --> OT1/txss/m/n on input line 40.
LaTeX Font Info:    Overwriting math alphabet `\mathsf' in version `bold'
(Font)                  OT1/txss/m/n --> OT1/txss/b/n on input line 41.
LaTeX Font Info:    Redeclaring math alphabet \mathtt on input line 50.
LaTeX Font Info:    Overwriting math alphabet `\mathtt' in version `normal'
(Font)                  OT1/cmtt/m/n --> OT1/txtt/m/n on input line 50.
LaTeX Font Info:    Overwriting math alphabet `\mathtt' in version `bold'
(Font)                  OT1/cmtt/m/n --> OT1/txtt/m/n on input line 50.
LaTeX Font Info:    Overwriting math alphabet `\mathtt' in version `bold'
(Font)                  OT1/txtt/m/n --> OT1/txtt/b/n on input line 51.
LaTeX Font Info:    Redeclaring symbol font `letters' on input line 58.
LaTeX Font Info:    Overwriting symbol font `letters' in version `normal'
(Font)                  OML/cmm/m/it --> OML/txmi/m/it on input line 58.
LaTeX Font Info:    Overwriting symbol font `letters' in version `bold'
(Font)                  OML/cmm/b/it --> OML/txmi/m/it on input line 58.
LaTeX Font Info:    Overwriting symbol font `letters' in version `bold'
(Font)                  OML/txmi/m/it --> OML/txmi/bx/it on input line 59.
\symlettersA=\mathgroup11
LaTeX Font Info:    Overwriting symbol font `lettersA' in version `bold'
(Font)                  U/txmia/m/it --> U/txmia/bx/it on input line 67.
LaTeX Font Info:    Redeclaring math alphabet \mathfrak on input line 70.
LaTeX Font Info:    Redeclaring symbol font `symbols' on input line 77.
LaTeX Font Info:    Overwriting symbol font `symbols' in version `normal'
(Font)                  OMS/cmsy/m/n --> OMS/txsy/m/n on input line 77.
LaTeX Font Info:    Overwriting symbol font `symbols' in version `bold'
(Font)                  OMS/cmsy/b/n --> OMS/txsy/m/n on input line 77.
LaTeX Font Info:    Overwriting symbol font `symbols' in version `bold'
(Font)                  OMS/txsy/m/n --> OMS/txsy/bx/n on input line 78.
LaTeX Font Info:    Redeclaring symbol font `AMSa' on input line 93.
LaTeX Font Info:    Overwriting symbol font `AMSa' in version `normal'
(Font)                  U/msa/m/n --> U/txsya/m/n on input line 93.
LaTeX Font Info:    Overwriting symbol font `AMSa' in version `bold'
(Font)                  U/msa/m/n --> U/txsya/m/n on input line 93.
LaTeX Font Info:    Overwriting symbol font `AMSa' in version `bold'
(Font)                  U/txsya/m/n --> U/txsya/bx/n on input line 94.
LaTeX Font Info:    Redeclaring symbol font `AMSb' on input line 102.
LaTeX Font Info:    Overwriting symbol font `AMSb' in version `normal'
(Font)                  U/msb/m/n --> U/txsyb/m/n on input line 102.
LaTeX Font Info:    Overwriting symbol font `AMSb' in version `bold'
(Font)                  U/msb/m/n --> U/txsyb/m/n on input line 102.
LaTeX Font Info:    Overwriting symbol font `AMSb' in version `bold'
(Font)                  U/txsyb/m/n --> U/txsyb/bx/n on input line 103.
\symsymbolsC=\mathgroup12
LaTeX Font Info:    Overwriting symbol font `symbolsC' in version `bold'
(Font)                  U/txsyc/m/n --> U/txsyc/bx/n on input line 113.
LaTeX Font Info:    Redeclaring symbol font `largesymbols' on input line 120.
LaTeX Font Info:    Overwriting symbol font `largesymbols' in version `normal'
(Font)                  OMX/cmex/m/n --> OMX/txex/m/n on input line 120.
LaTeX Font Info:    Overwriting symbol font `largesymbols' in version `bold'
(Font)                  OMX/cmex/m/n --> OMX/txex/m/n on input line 120.
LaTeX Font Info:    Overwriting symbol font `largesymbols' in version `bold'
(Font)                  OMX/txex/m/n --> OMX/txex/bx/n on input line 121.
\symlargesymbolsA=\mathgroup13
LaTeX Font Info:    Overwriting symbol font `largesymbolsA' in version `bold'
(Font)                  U/txexa/m/n --> U/txexa/bx/n on input line 129.
LaTeX Info: Redefining \not on input line 1043.
LaTeX Info: Redefining \textsquare on input line 1063.
LaTeX Info: Redefining \openbox on input line 1064.
)
(/usr/local/texlive/2015/texmf-dist/tex/latex/units/units.sty
Package: units 1998/08/04 v0.9b Typesetting units

(/usr/local/texlive/2015/texmf-dist/tex/latex/units/nicefrac.sty
Package: nicefrac 1998/08/04 v0.9b Nice fractions
\L@UnitsRaiseDisplaystyle=\skip69
\L@UnitsRaiseTextstyle=\skip70
\L@UnitsRaiseScriptstyle=\skip71
))
(/usr/local/texlive/2015/texmf-dist/tex/latex/setspace/setspace.sty
Package: setspace 2011/12/19 v6.7a set line spacing
)
\c@theorem=\count147
\c@corollary=\count148

(./Draft_160624.aux)
\openout1 = `Draft_160624.aux'.

LaTeX Font Info:    Checking defaults for OML/txmi/m/it on input line 47.
LaTeX Font Info:    Try loading font information for OML+txmi on input line 47.


(/usr/local/texlive/2015/texmf-dist/tex/latex/txfonts/omltxmi.fd
File: omltxmi.fd 2000/12/15 v3.1
)
LaTeX Font Info:    ... okay on input line 47.
LaTeX Font Info:    Checking defaults for T1/cmr/m/n on input line 47.
LaTeX Font Info:    ... okay on input line 47.
LaTeX Font Info:    Checking defaults for OT1/cmr/m/n on input line 47.
LaTeX Font Info:    ... okay on input line 47.
LaTeX Font Info:    Checking defaults for OMS/txsy/m/n on input line 47.
LaTeX Font Info:    Try loading font information for OMS+txsy on input line 47.


(/usr/local/texlive/2015/texmf-dist/tex/latex/txfonts/omstxsy.fd
File: omstxsy.fd 2000/12/15 v3.1
)
LaTeX Font Info:    ... okay on input line 47.
LaTeX Font Info:    Checking defaults for OMX/txex/m/n on input line 47.
LaTeX Font Info:    Try loading font information for OMX+txex on input line 47.


(/usr/local/texlive/2015/texmf-dist/tex/latex/txfonts/omxtxex.fd
File: omxtxex.fd 2000/12/15 v3.1
)
LaTeX Font Info:    ... okay on input line 47.
LaTeX Font Info:    Checking defaults for U/txexa/m/n on input line 47.
LaTeX Font Info:    Try loading font information for U+txexa on input line 47.

(/usr/local/texlive/2015/texmf-dist/tex/latex/txfonts/utxexa.fd
File: utxexa.fd 2000/12/15 v3.1
)
LaTeX Font Info:    ... okay on input line 47.
LaTeX Font Info:    Try loading font information for OT1+txr on input line 47.

(/usr/local/texlive/2015/texmf-dist/tex/latex/txfonts/ot1txr.fd
File: ot1txr.fd 2000/12/15 v3.1
)
(/usr/local/texlive/2015/texmf-dist/tex/context/base/supp-pdf.mkii
[Loading MPS to PDF converter (version 2006.09.02).]
\scratchcounter=\count149
\scratchdimen=\dimen187
\scratchbox=\box50
\nofMPsegments=\count150
\nofMParguments=\count151
\everyMPshowfont=\toks32
\MPscratchCnt=\count152
\MPscratchDim=\dimen188
\MPnumerator=\count153
\makeMPintoPDFobject=\count154
\everyMPtoPDFconversion=\toks33
) (/usr/local/texlive/2015/texmf-dist/tex/generic/oberdiek/pdftexcmds.sty
Package: pdftexcmds 2011/11/29 v0.20 Utility functions of pdfTeX for LuaTeX (HO
)

(/usr/local/texlive/2015/texmf-dist/tex/generic/oberdiek/ifluatex.sty
Package: ifluatex 2010/03/01 v1.3 Provides the ifluatex switch (HO)
Package ifluatex Info: LuaTeX not detected.
)
Package pdftexcmds Info: LuaTeX not detected.
Package pdftexcmds Info: \pdf@primitive is available.
Package pdftexcmds Info: \pdf@ifprimitive is available.
Package pdftexcmds Info: \pdfdraftmode found.
)
(/usr/local/texlive/2015/texmf-dist/tex/latex/oberdiek/epstopdf-base.sty
Package: epstopdf-base 2010/02/09 v2.5 Base part for package epstopdf

(/usr/local/texlive/2015/texmf-dist/tex/latex/oberdiek/grfext.sty
Package: grfext 2010/08/19 v1.1 Manage graphics extensions (HO)

(/usr/local/texlive/2015/texmf-dist/tex/generic/oberdiek/kvdefinekeys.sty
Package: kvdefinekeys 2011/04/07 v1.3 Define keys (HO)
))
(/usr/local/texlive/2015/texmf-dist/tex/latex/oberdiek/kvoptions.sty
Package: kvoptions 2011/06/30 v3.11 Key value format for package options (HO)

(/usr/local/texlive/2015/texmf-dist/tex/generic/oberdiek/kvsetkeys.sty
Package: kvsetkeys 2012/04/25 v1.16 Key value parser (HO)

(/usr/local/texlive/2015/texmf-dist/tex/generic/oberdiek/etexcmds.sty
Package: etexcmds 2011/02/16 v1.5 Avoid name clashes with e-TeX commands (HO)
Package etexcmds Info: Could not find \expanded.
(etexcmds)             That can mean that you are not using pdfTeX 1.50 or
(etexcmds)             that some package has redefined \expanded.
(etexcmds)             In the latter case, load this package earlier.
)))
Package grfext Info: Graphics extension search list:
(grfext)             [.png,.pdf,.jpg,.mps,.jpeg,.jbig2,.jb2,.PNG,.PDF,.JPG,.JPE
G,.JBIG2,.JB2,.eps]
(grfext)             \AppendGraphicsExtensions on input line 452.

(/usr/local/texlive/2015/texmf-dist/tex/latex/latexconfig/epstopdf-sys.cfg
File: epstopdf-sys.cfg 2010/07/13 v1.3 Configuration of (r)epstopdf for TeX Liv
e
))
*geometry* driver: auto-detecting
*geometry* detected driver: pdftex
*geometry* verbose mode - [ preamble ] result:
* driver: pdftex
* paper: letterpaper
* layout: <same size as paper>
* layoutoffset:(h,v)=(0.0pt,0.0pt)
* modes: 
* h-part:(L,W,R)=(72.26999pt, 469.75502pt, 72.26999pt)
* v-part:(T,H,B)=(72.26999pt, 650.43001pt, 72.26999pt)
* \paperwidth=614.295pt
* \paperheight=794.96999pt
* \textwidth=469.75502pt
* \textheight=650.43001pt
* \oddsidemargin=0.0pt
* \evensidemargin=0.0pt
* \topmargin=-37.0pt
* \headheight=12.0pt
* \headsep=25.0pt
* \topskip=10.0pt
* \footskip=30.0pt
* \marginparwidth=65.0pt
* \marginparsep=11.0pt
* \columnsep=10.0pt
* \skip\footins=9.0pt plus 4.0pt minus 2.0pt
* \hoffset=0.0pt
* \voffset=0.0pt
* \mag=1000
* \@twocolumnfalse
* \@twosidefalse
* \@mparswitchfalse
* \@reversemarginfalse
* (1in=72.27pt=25.4mm, 1cm=28.453pt)

LaTeX Font Info:    Try loading font information for U+txsya on input line 56.
(/usr/local/texlive/2015/texmf-dist/tex/latex/txfonts/utxsya.fd
File: utxsya.fd 2000/12/15 v3.1
)
LaTeX Font Info:    Try loading font information for U+txsyb on input line 56.

(/usr/local/texlive/2015/texmf-dist/tex/latex/txfonts/utxsyb.fd
File: utxsyb.fd 2000/12/15 v3.1
)
LaTeX Font Info:    Try loading font information for U+rsfs on input line 56.

(/usr/local/texlive/2015/texmf-dist/tex/latex/jknapltx/ursfs.fd
File: ursfs.fd 1998/03/24 rsfs font definition file (jk)
)
LaTeX Font Info:    Try loading font information for U+txmia on input line 56.

(/usr/local/texlive/2015/texmf-dist/tex/latex/txfonts/utxmia.fd
File: utxmia.fd 2000/12/15 v3.1
)
LaTeX Font Info:    Try loading font information for U+txsyc on input line 56.

(/usr/local/texlive/2015/texmf-dist/tex/latex/txfonts/utxsyc.fd
File: utxsyc.fd 2000/12/15 v3.1
)
LaTeX Font Info:    Try loading font information for OMS+txr on input line 72.

(/usr/local/texlive/2015/texmf-dist/tex/latex/txfonts/omstxr.fd
File: omstxr.fd 2000/12/15 v3.1
)
LaTeX Font Info:    Font shape `OMS/txr/m/n' in size <10> not available
(Font)              Font shape `OMS/txsy/m/n' tried instead on input line 72.

Overfull \hbox (1.2091pt too wide) in paragraph at lines 86--91
\OT1/txr/m/n/10 Let $\OML/cmm/b/it/10 Y[]$ \OT1/txr/m/n/10 be the methy-la-tion
 re-sponse mea-sured on $\OML/txmi/m/it/10 p$ \OT1/txr/m/n/10 CpG sites across 
$\OML/txmi/m/it/10 n$ \OT1/txr/m/n/10 in-de-pen-dent in-di-vid-u-als, $\OML/cmm
/b/it/10 X[] \OT1/txr/m/n/10 = []$
 []

[1

{/usr/local/texlive/2015/texmf-var/fonts/map/pdftex/updmap/pdftex.map}]
[2] [3]
Underfull \hbox (badness 10000) in paragraph at lines 179--182

 []

[4] [5] [6]
Overfull \hbox (13.9496pt too wide) detected at line 326
 []$[]  [][]\OT1/cmr/bx/n/10 ^^F[][] \OT1/txr/m/n/10 = [][]\OML/cmm/b/it/10 Y[]
\OT1/cmr/bx/n/10 ^^F[]\OML/cmm/b/it/10 Y[] \OT1/txr/m/n/10 = [][] [][] \OT1/cmr
/bx/n/10 ^^F[] [] [] \OT1/txr/m/n/10 = []\OT1/cmr/bx/n/10 ^^D[] [] ^^D[] \OT1/t
xr/m/n/10 + [][]\OT1/cmr/bx/n/10 ^^D[]\OML/cmm/b/it/10 L[]\OT1/cmr/bx/n/10 ^^F[
]\OML/cmm/b/it/10 E[]$ 
 []

[7]
Overfull \hbox (3.07942pt too wide) in paragraph at lines 355--359
\OT1/txr/m/n/10 Let $\OT1/cmr/bx/n/10 ^^H \OT1/txr/m/n/10 = \OML/cmm/b/it/10 Q[
] [] Q[]$ \OT1/txr/m/n/10 where $\OML/txmi/m/it/10 ^^^[] > [] > ^^^[] > \OT1/tx
r/m/n/10 0$ be the eigen de-com-po-si-tion of $\OT1/cmr/bx/n/10 ^^H$ \OT1/txr/m
/n/10 where $\OML/cmm/b/it/10 Q \OT1/txr/m/n/10 = [] \OMS/txsy/m/n/10 2
 []

[8]
Overfull \hbox (6.60086pt too wide) detected at line 396
[][] \OT1/txr/m/n/10 = \OML/txmi/m/it/10 n [][] []\OT1/cmr/bx/n/10 ^^F[]\OML/cm
m/b/it/10 YY[]\OT1/cmr/bx/n/10 ^^F[][] [][] \OT1/txr/m/n/10 = \OML/txmi/m/it/10
 n [][] []\OT1/cmr/bx/n/10 ^^F[][][]^^F[][] [][] \OT1/txr/m/n/10 = \OML/txmi/m/
it/10 nI[]
 []

[9]
Overfull \hbox (38.3237pt too wide) detected at line 459
 []$[]  \OML/cmm/b/it/10 L[]J[]U \OT1/txr/m/n/10 = \OML/cmm/b/it/10 L[]\OT1/cmr
/bx/n/10 ^^F[]\OML/cmm/b/it/10 U \OMS/txsy/m/n/10 ^^@ \OML/cmm/b/it/10 L[]\OT1/
cmr/bx/n/10 ^^F[]\OML/cmm/b/it/10 L[] [][] L[]\OT1/cmr/bx/n/10 ^^F[]\OML/cmm/b/
it/10 U \OT1/txr/m/n/10 = [][] \OML/cmm/b/it/10 L[]\OT1/cmr/bx/n/10 ^^F[]\OML/c
mm/b/it/10 U \OT1/txr/m/n/10 + \OML/txmi/m/it/10 o[] []$ 
 []


Overfull \hbox (3.18867pt too wide) detected at line 481
 []$[] \OT1/txr/m/n/10 = \OMS/txsy/m/n/10 ^^@[] [][][] ^^@ [] [] [] ^^@ [] \OT1
/txr/m/n/10 + [] + \OMS/txsy/m/n/10 O[] [] \OML/txmi/m/it/10 :$ []  
 []

[10]
Overfull \hbox (29.66339pt too wide) detected at line 518
 []$[]  [][][] \OMS/txsy/m/n/10 ^^T O[] [] [][][] ^^T O[] [] [][][] \OT1/txr/m/
n/10 + \OMS/txsy/m/n/10 O[] [] [][][]$ 
 []

[11]
<UnderestimatingOmega_Multipliers_Theorem.jpeg, id=54, 1059.96pt x 631.35875pt>
File: UnderestimatingOmega_Multipliers_Theorem.jpeg Graphic file (type jpg)
<use UnderestimatingOmega_Multipliers_Theorem.jpeg>
Package pdftex.def Info: UnderestimatingOmega_Multipliers_Theorem.jpeg used on 
input line 534.
(pdftex.def)             Requested size: 423.97649pt x 252.53902pt.

<UnderestimatingOmega_Multipliers.jpeg, id=55, 1059.96pt x 631.35875pt>
File: UnderestimatingOmega_Multipliers.jpeg Graphic file (type jpg)

<use UnderestimatingOmega_Multipliers.jpeg>
Package pdftex.def Info: UnderestimatingOmega_Multipliers.jpeg used on input li
ne 541.
(pdftex.def)             Requested size: 423.97649pt x 252.53902pt.

Underfull \hbox (badness 10000) in paragraph at lines 537--545

 []

[12 <./UnderestimatingOmega_Multipliers_Theorem.jpeg>] [13 <./UnderestimatingOm
ega_Multipliers.jpeg>]
<AmishHutterite_CellPvalues.jpeg, id=63, 615.29875pt x 492.84125pt>
File: AmishHutterite_CellPvalues.jpeg Graphic file (type jpg)

<use AmishHutterite_CellPvalues.jpeg>
Package pdftex.def Info: AmishHutterite_CellPvalues.jpeg used on input line 623
.
(pdftex.def)             Requested size: 246.11513pt x 197.133pt.

<AmishHutterite_noCellPvalues.jpeg, id=64, 615.29875pt x 492.84125pt>
File: AmishHutterite_noCellPvalues.jpeg Graphic file (type jpg)

<use AmishHutterite_noCellPvalues.jpeg>
Package pdftex.def Info: AmishHutterite_noCellPvalues.jpeg used on input line 6
24.
(pdftex.def)             Requested size: 246.11513pt x 197.133pt.

Underfull \hbox (badness 6047) in paragraph at lines 629--630
[]\OT1/txr/m/n/10 Amish $\OMS/txsy/m/n/10 ^^@$ \OT1/txr/m/n/10 Hut-terite
 []


Overfull \hbox (0.66087pt too wide) in paragraph at lines 633--633
[]\OT1/txr/m/n/10 Eosinophil| 
 []


Overfull \hbox (0.65088pt too wide) in paragraph at lines 634--634
[]\OT1/txr/m/n/10 Neutrophil| 
 []


Overfull \hbox (24.37524pt too wide) in paragraph at lines 621--637
[] [] 
 []


Underfull \hbox (badness 10000) in paragraph at lines 621--637

 []


Underfull \hbox (badness 10000) in paragraph at lines 621--637

 []

[14]
Underfull \hbox (badness 10000) in paragraph at lines 645--645
[]\OT1/txr/m/n/10 Amish-Hutterite
 []


Underfull \hbox (badness 8056) in paragraph at lines 645--645
[]\OT1/txr/m/n/10 Cell Type Stand.
 []


Underfull \hbox (badness 10000) in paragraph at lines 645--645
[]\OT1/txr/m/n/10 Observed Cor-re-la-tion
 []


Underfull \hbox (badness 10000) in paragraph at lines 641--653

 []

[15 <./AmishHutterite_CellPvalues.jpeg> <./AmishHutterite_noCellPvalues.jpeg>]
<Fdp_1p3_pi00p7.jpeg, id=71, 853.1875pt x 677.53125pt>
File: Fdp_1p3_pi00p7.jpeg Graphic file (type jpg)

<use Fdp_1p3_pi00p7.jpeg>
Package pdftex.def Info: Fdp_1p3_pi00p7.jpeg used on input line 657.
(pdftex.def)             Requested size: 213.29636pt x 169.38239pt.
 <Fdp_13p0.jpeg, id=72, 853.1875pt x 677.53125pt>
File: Fdp_13p0.jpeg Graphic file (type jpg)

<use Fdp_13p0.jpeg>
Package pdftex.def Info: Fdp_13p0.jpeg used on input line 658.
(pdftex.def)             Requested size: 213.29636pt x 169.38239pt.
 <Fdp_0p13.jpeg, id=73, 853.1875pt x 677.53125pt>
File: Fdp_0p13.jpeg Graphic file (type jpg)

<use Fdp_0p13.jpeg>
Package pdftex.def Info: Fdp_0p13.jpeg used on input line 659.
(pdftex.def)             Requested size: 213.29636pt x 169.38239pt.

<Fdp_1p3p0_0p33xcorr.jpeg, id=74, 853.1875pt x 677.53125pt>
File: Fdp_1p3p0_0p33xcorr.jpeg Graphic file (type jpg)

<use Fdp_1p3p0_0p33xcorr.jpeg>
Package pdftex.def Info: Fdp_1p3p0_0p33xcorr.jpeg used on input line 660.
(pdftex.def)             Requested size: 213.29636pt x 169.38239pt.

Underfull \hbox (badness 10000) in paragraph at lines 655--663

 []

[16 <./Fdp_1p3_pi00p7.jpeg> <./Fdp_13p0.jpeg> <./Fdp_0p13.jpeg> <./Fdp_1p3p0_0p
33xcorr.jpeg>] [17]
Underfull \hbox (badness 10000) in paragraph at lines 737--739

 []


Underfull \hbox (badness 10000) in paragraph at lines 737--739

 []


Overfull \hbox (6.12422pt too wide) detected at line 758
 []$[] [] [][] \OML/txmi/m/it/10 :$ []  
 []

[18]
Overfull \hbox (47.94044pt too wide) detected at line 794
 []$[]  []\OML/txmi/m/it/10 A[]L[]\OT1/txr/m/n/10 ^^F[]\OML/txmi/m/it/10 E[]E[]
\OT1/txr/m/n/10 ^^F[]\OML/txmi/m/it/10 LA[] \OT1/txr/m/n/10 = [] + [] + []$ 
 []

[19]
Overfull \hbox (19.14528pt too wide) detected at line 799
 []$[]  []\OML/txmi/m/it/10 A[][]\OT1/txr/m/n/10 ^^F[]\OML/txmi/m/it/10 E[]E[]\
OT1/txr/m/n/10 ^^F[][]\OML/txmi/m/it/10 A[] \OMS/txsy/m/n/10 ^^X [][] [][]\OML/
txmi/m/it/10 MN[] [] MN[] [][] [][] \OT1/txr/m/n/10 =$ 
 []


Overfull \hbox (30.14241pt too wide) detected at line 808
[] [][] []\OT1/txr/m/n/10 ^^F[]\OML/txmi/m/it/10 E[]E[]\OT1/txr/m/n/10 ^^F[]\OM
L/txmi/m/it/10 E[]C[]M[]A[] [] [][] [][] [] [][]
 []


Overfull \hbox (30.14241pt too wide) detected at line 819
[] [][] []\OT1/txr/m/n/10 ^^F[]\OML/txmi/m/it/10 E[]E[]\OT1/txr/m/n/10 ^^F[]\OM
L/txmi/m/it/10 E[]C[]M[]A[] [] [][] [][] [] [][]
 []

[20]
Overfull \hbox (46.61436pt too wide) detected at line 834
 []$[]  []\OML/txmi/m/it/10 A[][]\OT1/txr/m/n/10 ^^F[]\OML/txmi/m/it/10 E[]E[]\
OT1/txr/m/n/10 ^^F[][]\OML/txmi/m/it/10 A[] \OT1/txr/m/n/10 = [] [][] \OML/txmi
/m/it/10 M[] [] M[] [][]$ 
 []


Overfull \hbox (27.0072pt too wide) detected at line 849
 []$[] [] [] [] [] \OT1/txr/m/n/10 +\OML/txmi/m/it/10 R[] [] R[] \OT1/txr/m/n/1
0 = \OMS/txsy/m/n/10 O[] []$ []  
 []

[21]
Overfull \hbox (20.2986pt too wide) detected at line 877
 []$[]  []\OML/txmi/m/it/10 C[][] \OT1/txr/m/n/10 = []\OML/txmi/m/it/10 C[]Y[]J
[]L \OT1/txr/m/n/10 = \OML/txmi/m/it/10 C[]Y[]\OT1/txr/m/n/10 ^^F[]\OML/txmi/m/
it/10 L [][] \OT1/txr/m/n/10 = \OML/txmi/m/it/10 M[][]\OT1/txr/m/n/10 ^^F[]\OML
/txmi/m/it/10 L [][] \OT1/txr/m/n/10 + []\OML/txmi/m/it/10 C[]E[]\OT1/txr/m/n/1
0 ^^F[]\OML/txmi/m/it/10 L [][]$ 
 []


Underfull \hbox (badness 10000) in paragraph at lines 877--881

 []

[22]
Overfull \hbox (5.39874pt too wide) detected at line 889
\OML/txmi/m/it/10 `[] [] \OT1/txr/m/n/10 = \OMS/txsy/m/n/10 ^^@[] [][][] ^^@ []
 [] [] \OT1/txr/m/n/10 = [] [][][] \OMS/txsy/m/n/10 ^^@ [] [] [] \OT1/txr/m/n/1
0 + [] [] []
 []


Overfull \hbox (6.10742pt too wide) in paragraph at lines 895--897
\OT1/txr/m/n/10 If we set the above equa-tion equal to 0 and we can prove $\OML
/txmi/m/it/10 L[]\OT1/txr/m/n/10 ^^F[]\OML/txmi/m/it/10 L \OT1/txr/m/n/10 = \OM
S/txsy/m/n/10 O[] []$\OT1/txr/m/n/10 , then we must have $\OML/txmi/m/it/10 L[]
\OT1/txr/m/n/10 ^^F[]\OML/txmi/m/it/10 L \OT1/txr/m/n/10 = []\OML/txmi/m/it/10 
L[]\OT1/txr/m/n/10 ^^F[]\OML/txmi/m/it/10 Y[]C[] \OT1/txr/m/n/10 +
 []


Overfull \hbox (18.82323pt too wide) detected at line 914
 []$[] \OT1/txr/m/n/10 + \OML/txmi/m/it/10 []\OT1/txr/m/n/10 ^^F[] [] \OML/txm
i/m/it/10 :$ []  
 []


Underfull \hbox (badness 10000) in paragraph at lines 914--918

 []

[23] [24] (./Draft_160624.aux) ) 
Here is how much of TeX's memory you used:
 11156 strings out of 493089
 190909 string characters out of 6134842
 251547 words of memory out of 5000000
 14454 multiletter control sequences out of 15000+600000
 33709 words of font info for 83 fonts, out of 8000000 for 9000
 1141 hyphenation exceptions out of 8191
 38i,23n,37p,10385b,354s stack positions out of 5000i,500n,10000p,200000b,80000s
{/usr/local/texlive/2015/texmf-dist/fonts/enc/d
vips/base/8r.enc}</usr/local/texlive/2015/texmf-dist/fonts/type1/public/amsfont
s/cm/cmbx10.pfb></usr/local/texlive/2015/texmf-dist/fonts/type1/public/amsfonts
/cm/cmbx7.pfb></usr/local/texlive/2015/texmf-dist/fonts/type1/public/amsfonts/c
m/cmmib10.pfb></usr/local/texlive/2015/texmf-dist/fonts/type1/public/amsfonts/c
mextra/cmmib7.pfb></usr/local/texlive/2015/texmf-dist/fonts/type1/public/txfont
s/rtxi.pfb></usr/local/texlive/2015/texmf-dist/fonts/type1/public/txfonts/rtxmi
.pfb></usr/local/texlive/2015/texmf-dist/fonts/type1/public/txfonts/rtxr.pfb></
usr/local/texlive/2015/texmf-dist/fonts/type1/public/txfonts/txex.pfb></usr/loc
al/texlive/2015/texmf-dist/fonts/type1/public/txfonts/txexa.pfb></usr/local/tex
live/2015/texmf-dist/fonts/type1/public/txfonts/txsy.pfb></usr/local/texlive/20
15/texmf-dist/fonts/type1/public/txfonts/txsya.pfb></usr/local/texlive/2015/tex
mf-dist/fonts/type1/public/txfonts/txsyb.pfb></usr/local/texlive/2015/texmf-dis
t/fonts/type1/public/txfonts/txsyc.pfb></usr/local/texlive/2015/texmf-dist/font
s/type1/urw/times/utmb8a.pfb></usr/local/texlive/2015/texmf-dist/fonts/type1/ur
w/times/utmbi8a.pfb></usr/local/texlive/2015/texmf-dist/fonts/type1/urw/times/u
tmr8a.pfb></usr/local/texlive/2015/texmf-dist/fonts/type1/urw/times/utmri8a.pfb
>
Output written on Draft_160624.pdf (24 pages, 728898 bytes).
PDF statistics:
 159 PDF objects out of 1000 (max. 8388607)
 106 compressed objects within 2 object streams
 0 named destinations out of 1000 (max. 500000)
 41 words of extra memory for PDF output out of 10000 (max. 10000000)

